<?xml version="1.0" encoding="UTF-8"?>
<testsuite name="CorrecterTest" tests="1" skipped="0" failures="0" errors="0" timestamp="2020-10-24T20:44:44" hostname="BELLYOFTHEBEAST" time="2.021">
  <properties/>
  <testcase name="start" classname="CorrecterTest" time="2.021"/>
  <system-out><![CDATA[?[1;31m
Start test 1?[0m
Write a mode: > encode
?[1;31m
Start test 2?[0m
Write a mode: > send
?[1;31m
Start test 3?[0m
Write a mode: > decode
Parity1Error: false, parity2Error: true, parity3Error: true 
Parity1Error: true, parity2Error: false, parity3Error: true 
Parity1Error: false, parity2Error: false, parity3Error: true 
Parity1Error: true, parity2Error: true, parity3Error: false 
Parity1Error: true, parity2Error: true, parity3Error: true 
Parity1Error: false, parity2Error: true, parity3Error: false 
Parity1Error: false, parity2Error: false, parity3Error: true 
Parity1Error: true, parity2Error: false, parity3Error: false 
Parity1Error: false, parity2Error: false, parity3Error: true 
Parity1Error: false, parity2Error: true, parity3Error: true 
Parity1Error: true, parity2Error: false, parity3Error: true 
Parity1Error: true, parity2Error: true, parity3Error: false 
Parity1Error: true, parity2Error: true, parity3Error: true 
Parity1Error: true, parity2Error: true, parity3Error: true 
Parity1Error: false, parity2Error: false, parity3Error: false 
Parity1Error: true, parity2Error: false, parity3Error: false 
Parity1Error: true, parity2Error: false, parity3Error: true 
Parity1Error: true, parity2Error: true, parity3Error: true 
Parity1Error: true, parity2Error: true, parity3Error: true 
Parity1Error: true, parity2Error: true, parity3Error: false 
Parity1Error: false, parity2Error: true, parity3Error: false 
Parity1Error: true, parity2Error: true, parity3Error: true 
Parity1Error: true, parity2Error: false, parity3Error: false 
Parity1Error: false, parity2Error: false, parity3Error: false 
Parity1Error: false, parity2Error: true, parity3Error: false 
Parity1Error: false, parity2Error: false, parity3Error: false 
Parity1Error: true, parity2Error: false, parity3Error: false 
Parity1Error: true, parity2Error: false, parity3Error: false 
Parity1Error: false, parity2Error: true, parity3Error: true 
Parity1Error: false, parity2Error: false, parity3Error: true 
Parity1Error: true, parity2Error: true, parity3Error: true 
Parity1Error: true, parity2Error: false, parity3Error: false 
Parity1Error: true, parity2Error: false, parity3Error: false 
Parity1Error: false, parity2Error: true, parity3Error: true 
Parity1Error: false, parity2Error: true, parity3Error: false 
Parity1Error: false, parity2Error: true, parity3Error: true 
Parity1Error: true, parity2Error: true, parity3Error: false 
Parity1Error: true, parity2Error: true, parity3Error: true 
Parity1Error: true, parity2Error: true, parity3Error: false 
Parity1Error: false, parity2Error: false, parity3Error: false 
Parity1Error: true, parity2Error: false, parity3Error: false 
Parity1Error: false, parity2Error: false, parity3Error: true 
Parity1Error: true, parity2Error: true, parity3Error: false 
Parity1Error: false, parity2Error: false, parity3Error: false 
Parity1Error: false, parity2Error: false, parity3Error: true 
Parity1Error: true, parity2Error: true, parity3Error: false 
Parity1Error: false, parity2Error: true, parity3Error: true 
Parity1Error: false, parity2Error: true, parity3Error: true 
Parity1Error: true, parity2Error: true, parity3Error: false 
Parity1Error: true, parity2Error: true, parity3Error: true 
Parity1Error: false, parity2Error: true, parity3Error: false 
Parity1Error: false, parity2Error: true, parity3Error: false 
Parity1Error: false, parity2Error: true, parity3Error: true 
Parity1Error: false, parity2Error: false, parity3Error: false 
Parity1Error: true, parity2Error: false, parity3Error: false 
Parity1Error: false, parity2Error: true, parity3Error: false 
Parity1Error: true, parity2Error: true, parity3Error: true 
Parity1Error: true, parity2Error: true, parity3Error: true 
Parity1Error: false, parity2Error: true, parity3Error: true 
Parity1Error: true, parity2Error: false, parity3Error: false 
?[1;31m
Start test 4?[0m
Write a mode: > encode
?[1;31m
Start test 5?[0m
Write a mode: > send
?[1;31m
Start test 6?[0m
Write a mode: > decode
Parity1Error: false, parity2Error: true, parity3Error: false 
Parity1Error: true, parity2Error: false, parity3Error: true 
Parity1Error: true, parity2Error: false, parity3Error: true 
Parity1Error: true, parity2Error: true, parity3Error: true 
Parity1Error: false, parity2Error: false, parity3Error: true 
Parity1Error: false, parity2Error: true, parity3Error: true 
Parity1Error: true, parity2Error: true, parity3Error: true 
Parity1Error: true, parity2Error: false, parity3Error: false 
Parity1Error: false, parity2Error: false, parity3Error: false 
Parity1Error: false, parity2Error: true, parity3Error: true 
Parity1Error: true, parity2Error: true, parity3Error: false 
Parity1Error: false, parity2Error: true, parity3Error: false 
Parity1Error: true, parity2Error: true, parity3Error: true 
Parity1Error: true, parity2Error: false, parity3Error: false 
Parity1Error: true, parity2Error: true, parity3Error: true 
Parity1Error: true, parity2Error: false, parity3Error: true 
Parity1Error: true, parity2Error: false, parity3Error: true 
Parity1Error: true, parity2Error: false, parity3Error: true 
Parity1Error: true, parity2Error: false, parity3Error: false 
Parity1Error: true, parity2Error: false, parity3Error: false 
Parity1Error: true, parity2Error: true, parity3Error: true 
Parity1Error: true, parity2Error: false, parity3Error: true 
Parity1Error: false, parity2Error: true, parity3Error: false 
Parity1Error: false, parity2Error: false, parity3Error: false 
Parity1Error: false, parity2Error: true, parity3Error: true 
Parity1Error: false, parity2Error: false, parity3Error: false 
Parity1Error: false, parity2Error: true, parity3Error: false 
Parity1Error: false, parity2Error: false, parity3Error: false 
Parity1Error: true, parity2Error: true, parity3Error: true 
Parity1Error: false, parity2Error: false, parity3Error: false 
Parity1Error: true, parity2Error: false, parity3Error: false 
Parity1Error: true, parity2Error: false, parity3Error: true 
Parity1Error: true, parity2Error: false, parity3Error: false 
Parity1Error: true, parity2Error: true, parity3Error: true 
Parity1Error: true, parity2Error: true, parity3Error: true 
Parity1Error: false, parity2Error: true, parity3Error: true 
Parity1Error: true, parity2Error: false, parity3Error: false 
Parity1Error: true, parity2Error: false, parity3Error: true 
?[1;31m
Start test 7?[0m
Write a mode: > encode
?[1;31m
Start test 8?[0m
Write a mode: > send
?[1;31m
Start test 9?[0m
Write a mode: > decode
Parity1Error: true, parity2Error: true, parity3Error: true 
Parity1Error: true, parity2Error: false, parity3Error: false 
Parity1Error: false, parity2Error: false, parity3Error: true 
Parity1Error: false, parity2Error: true, parity3Error: false 
Parity1Error: false, parity2Error: true, parity3Error: false 
Parity1Error: false, parity2Error: false, parity3Error: false 
Parity1Error: true, parity2Error: true, parity3Error: false 
Parity1Error: false, parity2Error: false, parity3Error: true 
Parity1Error: false, parity2Error: false, parity3Error: false 
Parity1Error: true, parity2Error: false, parity3Error: true 
Parity1Error: true, parity2Error: true, parity3Error: false 
Parity1Error: false, parity2Error: false, parity3Error: true 
Parity1Error: true, parity2Error: true, parity3Error: false 
Parity1Error: true, parity2Error: false, parity3Error: true 
Parity1Error: true, parity2Error: false, parity3Error: true 
Parity1Error: false, parity2Error: true, parity3Error: true 
Parity1Error: false, parity2Error: false, parity3Error: false 
Parity1Error: true, parity2Error: true, parity3Error: true 
Parity1Error: true, parity2Error: true, parity3Error: true 
Parity1Error: true, parity2Error: false, parity3Error: true 
Parity1Error: true, parity2Error: false, parity3Error: false 
Parity1Error: true, parity2Error: true, parity3Error: true 
Parity1Error: false, parity2Error: false, parity3Error: false 
Parity1Error: true, parity2Error: true, parity3Error: true 
Parity1Error: false, parity2Error: false, parity3Error: true 
Parity1Error: false, parity2Error: true, parity3Error: true 
Parity1Error: true, parity2Error: false, parity3Error: false 
Parity1Error: false, parity2Error: false, parity3Error: true 
Parity1Error: false, parity2Error: false, parity3Error: true 
Parity1Error: false, parity2Error: true, parity3Error: true 
Parity1Error: true, parity2Error: true, parity3Error: false 
Parity1Error: false, parity2Error: true, parity3Error: false 
Parity1Error: true, parity2Error: false, parity3Error: false 
Parity1Error: true, parity2Error: true, parity3Error: true 
Parity1Error: false, parity2Error: true, parity3Error: true 
Parity1Error: true, parity2Error: true, parity3Error: true 
Parity1Error: false, parity2Error: true, parity3Error: false 
Parity1Error: true, parity2Error: true, parity3Error: false 
Parity1Error: true, parity2Error: false, parity3Error: true 
Parity1Error: false, parity2Error: true, parity3Error: false 
Parity1Error: true, parity2Error: true, parity3Error: false 
Parity1Error: true, parity2Error: false, parity3Error: true 
Parity1Error: false, parity2Error: true, parity3Error: true 
Parity1Error: false, parity2Error: false, parity3Error: false 
Parity1Error: true, parity2Error: true, parity3Error: false 
Parity1Error: false, parity2Error: false, parity3Error: false 
Parity1Error: false, parity2Error: true, parity3Error: true 
Parity1Error: false, parity2Error: false, parity3Error: true 
Parity1Error: false, parity2Error: false, parity3Error: false 
Parity1Error: false, parity2Error: true, parity3Error: true 
Parity1Error: false, parity2Error: false, parity3Error: true 
Parity1Error: true, parity2Error: false, parity3Error: true 
Parity1Error: false, parity2Error: false, parity3Error: true 
Parity1Error: true, parity2Error: true, parity3Error: false 
?[1;31m
Start test 10?[0m
Write a mode: > encode
?[1;31m
Start test 11?[0m
Write a mode: > send
?[1;31m
Start test 12?[0m
Write a mode: > decode
Parity1Error: false, parity2Error: false, parity3Error: true 
Parity1Error: false, parity2Error: false, parity3Error: true 
Parity1Error: true, parity2Error: true, parity3Error: false 
Parity1Error: false, parity2Error: true, parity3Error: true 
Parity1Error: false, parity2Error: true, parity3Error: true 
Parity1Error: true, parity2Error: true, parity3Error: false 
Parity1Error: true, parity2Error: true, parity3Error: true 
Parity1Error: false, parity2Error: false, parity3Error: true 
Parity1Error: true, parity2Error: true, parity3Error: false 
Parity1Error: true, parity2Error: false, parity3Error: false 
Parity1Error: true, parity2Error: false, parity3Error: false 
Parity1Error: true, parity2Error: false, parity3Error: false 
Parity1Error: false, parity2Error: false, parity3Error: false 
Parity1Error: true, parity2Error: false, parity3Error: true 
Parity1Error: true, parity2Error: false, parity3Error: false 
Parity1Error: false, parity2Error: true, parity3Error: false 
Parity1Error: false, parity2Error: false, parity3Error: true 
Parity1Error: true, parity2Error: false, parity3Error: false 
Parity1Error: true, parity2Error: true, parity3Error: false 
Parity1Error: true, parity2Error: false, parity3Error: true 
Parity1Error: false, parity2Error: false, parity3Error: false 
Parity1Error: false, parity2Error: false, parity3Error: true 
Parity1Error: true, parity2Error: true, parity3Error: true 
Parity1Error: true, parity2Error: true, parity3Error: true 
Parity1Error: false, parity2Error: true, parity3Error: false 
Parity1Error: true, parity2Error: false, parity3Error: false 
Parity1Error: false, parity2Error: true, parity3Error: true 
Parity1Error: true, parity2Error: false, parity3Error: false 
Parity1Error: true, parity2Error: true, parity3Error: true 
Parity1Error: true, parity2Error: true, parity3Error: true 
Parity1Error: false, parity2Error: true, parity3Error: false 
Parity1Error: false, parity2Error: false, parity3Error: true 
Parity1Error: true, parity2Error: false, parity3Error: false 
Parity1Error: false, parity2Error: false, parity3Error: false 
Parity1Error: false, parity2Error: true, parity3Error: true 
Parity1Error: false, parity2Error: false, parity3Error: true 
Parity1Error: false, parity2Error: true, parity3Error: true 
Parity1Error: false, parity2Error: false, parity3Error: false 
Parity1Error: false, parity2Error: true, parity3Error: true 
Parity1Error: false, parity2Error: false, parity3Error: false 
Parity1Error: true, parity2Error: true, parity3Error: true 
Parity1Error: false, parity2Error: false, parity3Error: true 
Parity1Error: true, parity2Error: true, parity3Error: false 
Parity1Error: false, parity2Error: true, parity3Error: true 
Parity1Error: false, parity2Error: true, parity3Error: true 
Parity1Error: true, parity2Error: false, parity3Error: false 
Parity1Error: false, parity2Error: true, parity3Error: true 
Parity1Error: true, parity2Error: true, parity3Error: false 
Parity1Error: true, parity2Error: true, parity3Error: true 
Parity1Error: true, parity2Error: true, parity3Error: false 
Parity1Error: true, parity2Error: false, parity3Error: true 
Parity1Error: true, parity2Error: false, parity3Error: false 
Parity1Error: false, parity2Error: true, parity3Error: true 
Parity1Error: true, parity2Error: false, parity3Error: false 
Parity1Error: false, parity2Error: true, parity3Error: false 
Parity1Error: false, parity2Error: true, parity3Error: false 
Parity1Error: true, parity2Error: false, parity3Error: true 
Parity1Error: true, parity2Error: false, parity3Error: true 
Parity1Error: true, parity2Error: false, parity3Error: true 
Parity1Error: true, parity2Error: true, parity3Error: true 
Parity1Error: false, parity2Error: true, parity3Error: false 
Parity1Error: true, parity2Error: true, parity3Error: false 
Parity1Error: false, parity2Error: true, parity3Error: true 
Parity1Error: true, parity2Error: true, parity3Error: true 
Parity1Error: false, parity2Error: true, parity3Error: true 
Parity1Error: false, parity2Error: false, parity3Error: true 
]]></system-out>
  <system-err><![CDATA[]]></system-err>
</testsuite>
